#
# There is insufficient memory for the Java Runtime Environment to continue.
# Native memory allocation (mmap) failed to map 132120576 bytes for G1 virtual space
# Possible reasons:
#   The system is out of physical RAM or swap space
#   The process is running with CompressedOops enabled, and the Java Heap may be blocking the growth of the native heap
# Possible solutions:
#   Reduce memory load on the system
#   Increase physical memory or swap space
#   Check if swap backing store is full
#   Decrease Java heap size (-Xmx/-Xms)
#   Decrease number of Java threads
#   Decrease Java thread stack sizes (-Xss)
#   Set larger code cache with -XX:ReservedCodeCacheSize=
#   JVM is running with Unscaled Compressed Oops mode in which the Java heap is
#     placed in the first 4GB address space. The Java Heap base address is the
#     maximum limit for the native heap growth. Please use -XX:HeapBaseMinAddress
#     to set the Java Heap base and to place the Java Heap above 4GB virtual address.
# This output file may be truncated or incomplete.
#
#  Out of Memory Error (os_windows.cpp:3528), pid=18124, tid=15444
#
# JRE version:  (20.0+36) (build )
# Java VM: OpenJDK 64-Bit Server VM (20+36-2344, mixed mode, sharing, tiered, compressed oops, compressed class ptrs, g1 gc, windows-amd64)
# No core dump will be written. Minidumps are not enabled by default on client versions of Windows
#

---------------  S U M M A R Y ------------

Command Line: 

Host: Intel(R) Core(TM) i5-8265U CPU @ 1.60GHz, 8 cores, 7G,  Windows 11 , 64 bit Build 22000 (10.0.22000.2538)
Time: Sun Oct 19 20:22:05 2025 Mountain Daylight Time elapsed time: 0.039677 seconds (0d 0h 0m 0s)

---------------  T H R E A D  ---------------

Current thread (0x000001c31bb4cae0):  JavaThread "Unknown thread" [_thread_in_vm, id=15444, stack(0x000000b202800000,0x000000b202900000)]

Stack: [0x000000b202800000,0x000000b202900000]
Native frames: (J=compiled Java code, j=interpreted, Vv=VM code, C=native code)
V  [jvm.dll+0x6bb95a]
V  [jvm.dll+0x8483aa]
V  [jvm.dll+0x849fa5]
V  [jvm.dll+0x84a6a3]
V  [jvm.dll+0x280b0f]
V  [jvm.dll+0x6b86e9]
V  [jvm.dll+0x6ad2da]
V  [jvm.dll+0x35adf5]
V  [jvm.dll+0x363016]
V  [jvm.dll+0x3b3b3e]
V  [jvm.dll+0x3b3dc5]
V  [jvm.dll+0x32b50a]
V  [jvm.dll+0x32c32b]
V  [jvm.dll+0x81106f]
V  [jvm.dll+0x3c0d91]
V  [jvm.dll+0x7fcd93]
V  [jvm.dll+0x44c76f]
V  [jvm.dll+0x44e0e1]
C  [jli.dll+0x5287]
C  [ucrtbase.dll+0x26c0c]
C  [KERNEL32.DLL+0x153e0]
C  [ntdll.dll+0x485b]


---------------  P R O C E S S  ---------------

Threads class SMR info:
_java_thread_list=0x00007ffc0fe1a098, length=0, elements={
}

Java Threads: ( => current thread )

Other Threads:
  0x000001c31bbad6f0 WorkerThread "GC Thread#0" [stack: 0x000000b202900000,0x000000b202a00000] [id=14444]
  0x000001c31bbbe320 ConcurrentGCThread "G1 Main Marker" [stack: 0x000000b202a00000,0x000000b202b00000] [id=13072]
  0x000001c31bbbf4f0 WorkerThread "G1 Conc#0" [stack: 0x000000b202b00000,0x000000b202c00000] [id=4784]

[error occurred during error reporting (printing all threads), id 0xc0000005, EXCEPTION_ACCESS_VIOLATION (0xc0000005) at pc=0x00007ffc0f5feb47]
VM state: not at safepoint (not fully initialized)

VM Mutex/Monitor currently owned by a thread:  ([mutex/lock_event])
[0x000001c31bb4b0c0] Heap_lock - owner thread: 0x000001c31bb4cae0

Heap address: 0x0000000082400000, size: 2012 MB, Compressed Oops mode: 32-bit

CDS archive(s) mapped at: [0x0000000000000000-0x0000000000000000-0x0000000000000000), size 0, SharedBaseAddress: 0x0000000800000000, ArchiveRelocationMode: 0.
Narrow klass base: 0x0000000000000000, Narrow klass shift: 0, Narrow klass range: 0x0

GC Precious Log:
 CardTable entry size: 512
 Card Set container configuration: InlinePtr #cards 5 size 8 Array Of Cards #cards 12 size 40 Howl #buckets 4 coarsen threshold 1843 Howl Bitmap #cards 512 size 80 coarsen threshold 460 Card regions per heap region 1 cards per card region 2048

Heap:
 garbage-first heap   total 0K, used 0K [0x0000000082400000, 0x0000000100000000)
  region size 1024K, 0 young (0K), 0 survivors (0K)

[error occurred during error reporting (printing heap information), id 0xc0000005, EXCEPTION_ACCESS_VIOLATION (0xc0000005) at pc=0x00007ffc0f9d3c59]
GC Heap History (0 events):
No events

Dll operation events (1 events):
Event: 0.016 Loaded shared library C:\Program Files\openjdk-20_windows-x64_bin\jdk-20\bin\java.dll

Deoptimization events (0 events):
No events

Classes loaded (0 events):
No events

Classes unloaded (0 events):
No events

Classes redefined (0 events):
No events

Internal exceptions (0 events):
No events

VM Operations (0 events):
No events

Events (0 events):
No events


Dynamic libraries:
0x00007ff7e83a0000 - 0x00007ff7e83ae000 	C:\Program Files\openjdk-20_windows-x64_bin\jdk-20\bin\java.exe
0x00007ffc7eb20000 - 0x00007ffc7ed29000 	C:\WINDOWS\SYSTEM32\ntdll.dll
0x00007ffc7ca90000 - 0x00007ffc7cb4d000 	C:\WINDOWS\System32\KERNEL32.DLL
0x00007ffc7c3a0000 - 0x00007ffc7c724000 	C:\WINDOWS\System32\KERNELBASE.dll
0x00007ffc7bfe0000 - 0x00007ffc7c0f1000 	C:\WINDOWS\System32\ucrtbase.dll
0x00007ffc67b20000 - 0x00007ffc67b37000 	C:\Program Files\openjdk-20_windows-x64_bin\jdk-20\bin\jli.dll
0x00007ffc752b0000 - 0x00007ffc752cb000 	C:\Program Files\openjdk-20_windows-x64_bin\jdk-20\bin\VCRUNTIME140.dll
0x00007ffc7cd10000 - 0x00007ffc7cebd000 	C:\WINDOWS\System32\USER32.dll
0x00007ffc7bfb0000 - 0x00007ffc7bfd6000 	C:\WINDOWS\System32\win32u.dll
0x00007ffc7ccc0000 - 0x00007ffc7ccea000 	C:\WINDOWS\System32\GDI32.dll
0x00007ffc68880000 - 0x00007ffc68b25000 	C:\WINDOWS\WinSxS\amd64_microsoft.windows.common-controls_6595b64144ccf1df_6.0.22000.120_none_9d947278b86cc467\COMCTL32.dll
0x00007ffc7df40000 - 0x00007ffc7dfe3000 	C:\WINDOWS\System32\msvcrt.dll
0x00007ffc7c730000 - 0x00007ffc7c84e000 	C:\WINDOWS\System32\gdi32full.dll
0x00007ffc7c850000 - 0x00007ffc7c8ed000 	C:\WINDOWS\System32\msvcp_win.dll
0x00007ffc7dff0000 - 0x00007ffc7e021000 	C:\WINDOWS\System32\IMM32.DLL
0x00007ffc6c3a0000 - 0x00007ffc6c3ac000 	C:\Program Files\openjdk-20_windows-x64_bin\jdk-20\bin\vcruntime140_1.dll
0x00007ffc4ad10000 - 0x00007ffc4ad9e000 	C:\Program Files\openjdk-20_windows-x64_bin\jdk-20\bin\msvcp140.dll
0x00007ffc0f2c0000 - 0x00007ffc0ff57000 	C:\Program Files\openjdk-20_windows-x64_bin\jdk-20\bin\server\jvm.dll
0x00007ffc7e890000 - 0x00007ffc7e93e000 	C:\WINDOWS\System32\ADVAPI32.dll
0x00007ffc7e620000 - 0x00007ffc7e6be000 	C:\WINDOWS\System32\sechost.dll
0x00007ffc7e6c0000 - 0x00007ffc7e7e1000 	C:\WINDOWS\System32\RPCRT4.dll
0x00007ffc75700000 - 0x00007ffc75733000 	C:\WINDOWS\SYSTEM32\WINMM.dll
0x00007ffc761f0000 - 0x00007ffc761fa000 	C:\WINDOWS\SYSTEM32\VERSION.dll
0x00007ffc5fa30000 - 0x00007ffc5fa39000 	C:\WINDOWS\SYSTEM32\WSOCK32.dll
0x00007ffc7cc50000 - 0x00007ffc7ccbf000 	C:\WINDOWS\System32\WS2_32.dll
0x00007ffc7afe0000 - 0x00007ffc7aff8000 	C:\WINDOWS\SYSTEM32\kernel.appcore.dll
0x00007ffc6c2b0000 - 0x00007ffc6c2ba000 	C:\Program Files\openjdk-20_windows-x64_bin\jdk-20\bin\jimage.dll
0x00007ffc68570000 - 0x00007ffc68791000 	C:\WINDOWS\SYSTEM32\DBGHELP.DLL
0x00007ffc5a780000 - 0x00007ffc5a7b1000 	C:\WINDOWS\SYSTEM32\dbgcore.DLL
0x00007ffc7c8f0000 - 0x00007ffc7c96f000 	C:\WINDOWS\System32\bcryptPrimitives.dll
0x00007ffc595d0000 - 0x00007ffc595f6000 	C:\Program Files\openjdk-20_windows-x64_bin\jdk-20\bin\java.dll

dbghelp: loaded successfully - version: 4.0.5 - missing functions: none
symbol engine: initialized successfully - sym options: 0x614 - pdb path: .;C:\Program Files\openjdk-20_windows-x64_bin\jdk-20\bin;C:\WINDOWS\SYSTEM32;C:\WINDOWS\WinSxS\amd64_microsoft.windows.common-controls_6595b64144ccf1df_6.0.22000.120_none_9d947278b86cc467;C:\Program Files\openjdk-20_windows-x64_bin\jdk-20\bin\server

VM Arguments:
java_command: <unknown>
java_class_path (initial): <not set>
Launcher Type: SUN_STANDARD

[Global flags]
     intx CICompilerCount                          = 4                                         {product} {ergonomic}
     uint ConcGCThreads                            = 2                                         {product} {ergonomic}
     uint G1ConcRefinementThreads                  = 8                                         {product} {ergonomic}
   size_t G1HeapRegionSize                         = 1048576                                   {product} {ergonomic}
    uintx GCDrainStackTargetSize                   = 64                                        {product} {ergonomic}
   size_t InitialHeapSize                          = 132120576                                 {product} {ergonomic}
   size_t MarkStackSize                            = 4194304                                   {product} {ergonomic}
   size_t MaxHeapSize                              = 2109734912                                {product} {ergonomic}
   size_t MinHeapDeltaBytes                        = 1048576                                   {product} {ergonomic}
   size_t MinHeapSize                              = 8388608                                   {product} {ergonomic}
    uintx NonNMethodCodeHeapSize                   = 5839372                                {pd product} {ergonomic}
    uintx NonProfiledCodeHeapSize                  = 122909434                              {pd product} {ergonomic}
    uintx ProfiledCodeHeapSize                     = 122909434                              {pd product} {ergonomic}
    uintx ReservedCodeCacheSize                    = 251658240                              {pd product} {ergonomic}
     bool SegmentedCodeCache                       = true                                      {product} {ergonomic}
   size_t SoftMaxHeapSize                          = 2109734912                             {manageable} {ergonomic}
     bool UseCompressedClassPointers               = true                           {product lp64_product} {ergonomic}
     bool UseCompressedOops                        = true                           {product lp64_product} {ergonomic}
     bool UseG1GC                                  = true                                      {product} {ergonomic}
     bool UseLargePagesIndividualAllocation        = false                                  {pd product} {ergonomic}

Logging:
Log output configuration:
 #0: stdout all=warning uptime,level,tags foldmultilines=false
 #1: stderr all=off uptime,level,tags foldmultilines=false

Environment Variables:
PATH=C:\Program Files\openjdk-20_windows-x64_bin\jdk-20\bin;C:\WINDOWS\system32;C:\WINDOWS;C:\WINDOWS\System32\Wbem;C:\WINDOWS\System32\WindowsPowerShell\v1.0\;C:\WINDOWS\System32\OpenSSH\;C:\Program Files\Microsoft SQL Server\Client SDK\ODBC\110\Tools\Binn\;C:\Program Files (x86)\Microsoft SQL Server\120\Tools\Binn\;C:\Program Files\Microsoft SQL Server\120\Tools\Binn\;C:\Program Files\Microsoft SQL Server\120\DTS\Binn\;C:\Program Files (x86)\Windows Kits\8.1\Windows Performance Toolkit\;C:\Program Files\PuTTY\;C:\Program Files\Git\cmd;;C:\Program Files\Docker\Docker\resources\bin;C:\Users\abile\AppData\Local\Programs\Python\Python311\Scripts\;C:\Users\abile\AppData\Local\Programs\Python\Python311\;C:\Users\abile\AppData\Local\Programs\Python\Launcher\;C:\Program Files\openjdk-20_windows-x64_bin\jdk-20\bin;C:\Users\abile\AppData\Local\Microsoft\WindowsApps;C:\Program Files\JetBrains\CLion 2020.3.1\bin;C:\Users\abile\AppData\Local\JetBrains\Toolbox\scripts;C:\Users\abile\AppData\Local\Microsoft\WindowsApps;C:\Program Files\heroku\bin;C:\Users\abile\AppData\Local\Programs\Microsoft VS Code\bin;
USERNAME=abile
OS=Windows_NT
PROCESSOR_IDENTIFIER=Intel64 Family 6 Model 142 Stepping 11, GenuineIntel
TMP=C:\Users\abile\AppData\Local\Temp
TEMP=C:\Users\abile\AppData\Local\Temp




---------------  S Y S T E M  ---------------

OS:
 Windows 11 , 64 bit Build 22000 (10.0.22000.2538)
OS uptime: 11 days 2:31 hours
Hyper-V role detected

CPU: total 8 (initial active 8) (4 cores per cpu, 2 threads per core) family 6 model 142 stepping 11 microcode 0xde, cx8, cmov, fxsr, ht, mmx, 3dnowpref, sse, sse2, sse3, ssse3, sse4.1, sse4.2, popcnt, lzcnt, tsc, tscinvbit, avx, avx2, aes, erms, clmul, bmi1, bmi2, adx, fma, vzeroupper, clflush, clflushopt, hv, rdtscp, f16c

Memory: 4k page, system-wide physical 8042M (832M free)
TotalPageFile size 11517M (AvailPageFile size 89M)
current process WorkingSet (physical memory assigned to process): 10M, peak: 10M
current process commit charge ("private bytes"): 60M, peak: 186M

vm_info: OpenJDK 64-Bit Server VM (20+36-2344) for windows-amd64 JRE (20+36-2344), built on 2023-02-10T19:30:15Z by "mach5one" with MS VC++ 17.1 (VS2022)

END.
